<?xml version="1.0" encoding="UTF-8"?>
<!-- Generated by org.testng.reporters.JUnitXMLReporter -->
<testsuite hostname="hai" ignored="0" name="TC003_VerifyLoginWithDiffrentRecords" tests="7" failures="1" timestamp="02 Jan 2018 12:01:07 GMT" time="89.463" errors="0">
  <testcase name="verifyLoginWithDiffrentRecords" time="14.847" classname="com.crewsight.automation.homePage.TC003_VerifyLoginWithDiffrentRecords"/>
  <testcase name="verifyLoginWithDiffrentRecords" time="9.718" classname="com.crewsight.automation.homePage.TC003_VerifyLoginWithDiffrentRecords"/>
  <testcase name="verifyLoginWithDiffrentRecords" time="10.062" classname="com.crewsight.automation.homePage.TC003_VerifyLoginWithDiffrentRecords"/>
  <testcase name="verifyLoginWithDiffrentRecords" time="9.9" classname="com.crewsight.automation.homePage.TC003_VerifyLoginWithDiffrentRecords"/>
  <testcase name="verifyLoginWithDiffrentRecords" time="11.145" classname="com.crewsight.automation.homePage.TC003_VerifyLoginWithDiffrentRecords">
    <failure type="org.openqa.selenium.StaleElementReferenceException" message="stale element reference: element is not attached to the page document
  (Session info: chrome=63.0.3239.108)
  (Driver info: chromedriver=2.34.522940 (1a76f96f66e3ca7b8e57d503b4dd3bccfba87af1),platform=Windows NT 6.3.9600 x86_64) (WARNING: The server did not provide any stacktrace information)
Command duration or timeout: 4.79 seconds
For documentation on this error, please visit: http://seleniumhq.org/exceptions/stale_element_reference.html
Build info: version: &amp;apos;3.0.1&amp;apos;, revision: &amp;apos;1969d75&amp;apos;, time: &amp;apos;2016-10-18 09:49:13 -0700&amp;apos;
System info: host: &amp;apos;hai&amp;apos;, ip: &amp;apos;192.168.1.160&amp;apos;, os.name: &amp;apos;Windows 8.1&amp;apos;, os.arch: &amp;apos;amd64&amp;apos;, os.version: &amp;apos;6.3&amp;apos;, java.version: &amp;apos;1.8.0_131&amp;apos;
Driver info: org.openqa.selenium.chrome.ChromeDriver
Capabilities [{applicationCacheEnabled=false, rotatable=false, mobileEmulationEnabled=false, networkConnectionEnabled=false, chrome={chromedriverVersion=2.34.522940 (1a76f96f66e3ca7b8e57d503b4dd3bccfba87af1), userDataDir=C:\Users\india\AppData\Local\Temp\scoped_dir5852_31879}, takesHeapSnapshot=true, pageLoadStrategy=normal, databaseEnabled=false, handlesAlerts=true, hasTouchScreen=false, version=63.0.3239.108, platform=WIN8_1, browserConnectionEnabled=false, nativeEvents=true, acceptSslCerts=true, locationContextEnabled=true, webStorageEnabled=true, browserName=chrome, takesScreenshot=true, javascriptEnabled=true, cssSelectorsEnabled=true, setWindowRect=true, unexpectedAlertBehaviour=}]
Session ID: 1d3f09f2bf03d3d6901898153518cdb7">
      <![CDATA[org.openqa.selenium.StaleElementReferenceException: stale element reference: element is not attached to the page document
  (Session info: chrome=63.0.3239.108)
  (Driver info: chromedriver=2.34.522940 (1a76f96f66e3ca7b8e57d503b4dd3bccfba87af1),platform=Windows NT 6.3.9600 x86_64) (WARNING: The server did not provide any stacktrace information)
Command duration or timeout: 4.79 seconds
For documentation on this error, please visit: http://seleniumhq.org/exceptions/stale_element_reference.html
Build info: version: '3.0.1', revision: '1969d75', time: '2016-10-18 09:49:13 -0700'
System info: host: 'hai', ip: '192.168.1.160', os.name: 'Windows 8.1', os.arch: 'amd64', os.version: '6.3', java.version: '1.8.0_131'
Driver info: org.openqa.selenium.chrome.ChromeDriver
Capabilities [{applicationCacheEnabled=false, rotatable=false, mobileEmulationEnabled=false, networkConnectionEnabled=false, chrome={chromedriverVersion=2.34.522940 (1a76f96f66e3ca7b8e57d503b4dd3bccfba87af1), userDataDir=C:\Users\india\AppData\Local\Temp\scoped_dir5852_31879}, takesHeapSnapshot=true, pageLoadStrategy=normal, databaseEnabled=false, handlesAlerts=true, hasTouchScreen=false, version=63.0.3239.108, platform=WIN8_1, browserConnectionEnabled=false, nativeEvents=true, acceptSslCerts=true, locationContextEnabled=true, webStorageEnabled=true, browserName=chrome, takesScreenshot=true, javascriptEnabled=true, cssSelectorsEnabled=true, setWindowRect=true, unexpectedAlertBehaviour=}]
Session ID: 1d3f09f2bf03d3d6901898153518cdb7
	at org.openqa.selenium.remote.ErrorHandler.createThrowable(ErrorHandler.java:216)
	at org.openqa.selenium.remote.ErrorHandler.throwIfResponseFailed(ErrorHandler.java:168)
	at org.openqa.selenium.remote.RemoteWebDriver.execute(RemoteWebDriver.java:635)
	at org.openqa.selenium.remote.RemoteWebElement.execute(RemoteWebElement.java:274)
	at org.openqa.selenium.remote.RemoteWebElement.sendKeys(RemoteWebElement.java:98)
	at org.openqa.selenium.support.pagefactory.internal.LocatingElementHandler.invoke(LocatingElementHandler.java:51)
	at com.sun.proxy.$Proxy10.sendKeys(Unknown Source)
	at com.crewsight.automation.uiActions.HomePage.loginToApplication(HomePage.java:53)
	at com.crewsight.automation.homePage.TC003_VerifyLoginWithDiffrentRecords.verifyLoginWithDiffrentRecords(TC003_VerifyLoginWithDiffrentRecords.java:40)
... Removed 33 stack frames]]>
    </failure>
  </testcase> <!-- verifyLoginWithDiffrentRecords -->
  <testcase name="verifyLoginWithDiffrentRecords" time="10.122" classname="com.crewsight.automation.homePage.TC003_VerifyLoginWithDiffrentRecords"/>
  <testcase name="verifyLoginWithDiffrentRecords" time="10.179" classname="com.crewsight.automation.homePage.TC003_VerifyLoginWithDiffrentRecords"/>
</testsuite> <!-- TC003_VerifyLoginWithDiffrentRecords -->
